{"label":"qu-calendar","level":"info","message":"Worker 85952 started","timestamp":"2021-10-25T20:25:51.873Z"}
{"label":"qu-calendar","level":"info","message":"Server started on Port 5000 in development mode.","timestamp":"2021-10-25T20:25:51.888Z"}
{"label":"qu-calendar","level":"info","message":"Connected to Database running on cluster0-shard-00-00.ameko.mongodb.net","timestamp":"2021-10-25T20:25:59.777Z"}
{"label":"qu-calendar","level":"info","message":"Agenda connection started!","timestamp":"2021-10-25T20:26:00.134Z"}
{"label":"qu-calendar","level":"info","message":"Worker 86336 started","timestamp":"2021-10-25T20:58:29.206Z"}
{"label":"qu-calendar","level":"info","message":"Server started on Port 5000 in development mode.","timestamp":"2021-10-25T20:58:29.220Z"}
{"label":"qu-calendar","level":"info","message":"Worker 109712 started","timestamp":"2021-10-25T20:58:44.698Z"}
{"label":"qu-calendar","level":"info","message":"Server started on Port 5000 in development mode.","timestamp":"2021-10-25T20:58:44.710Z"}
{"label":"qu-calendar","level":"info","message":"Agenda connection started!","timestamp":"2021-10-25T20:58:50.832Z"}
{"label":"qu-calendar","level":"info","message":"Connected to Database running on cluster0-shard-00-02.ameko.mongodb.net","timestamp":"2021-10-25T20:58:51.551Z"}
{"label":"qu-calendar","level":"info","message":"Worker 96188 started","timestamp":"2021-10-25T21:02:07.529Z"}
{"label":"qu-calendar","level":"info","message":"Server started on Port 5000 in development mode.","timestamp":"2021-10-25T21:02:07.543Z"}
{"label":"qu-calendar","level":"info","message":"Worker 99772 started","timestamp":"2021-10-25T21:02:17.419Z"}
{"label":"qu-calendar","level":"info","message":"Server started on Port 5000 in development mode.","timestamp":"2021-10-25T21:02:17.432Z"}
{"label":"qu-calendar","level":"info","message":"Connected to Database running on cluster0-shard-00-00.ameko.mongodb.net","timestamp":"2021-10-25T21:02:27.509Z"}
{"label":"qu-calendar","level":"info","message":"Agenda connection started!","timestamp":"2021-10-25T21:02:27.666Z"}
{"label":"qu-calendar","level":"info","message":"Worker 110388 started","timestamp":"2021-10-25T21:03:04.223Z"}
{"label":"qu-calendar","level":"info","message":"Server started on Port 5000 in development mode.","timestamp":"2021-10-25T21:03:04.235Z"}
{"label":"qu-calendar","level":"info","message":"Connected to Database running on cluster0-shard-00-02.ameko.mongodb.net","timestamp":"2021-10-25T21:03:08.925Z"}
{"label":"qu-calendar","level":"info","message":"Agenda connection started!","timestamp":"2021-10-25T21:03:09.928Z"}
{"label":"qu-calendar","level":"info","message":"Worker 109912 started","timestamp":"2021-10-25T21:03:19.326Z"}
{"label":"qu-calendar","level":"info","message":"Server started on Port 5000 in development mode.","timestamp":"2021-10-25T21:03:19.338Z"}
{"label":"qu-calendar","level":"info","message":"Connected to Database running on cluster0-shard-00-01.ameko.mongodb.net","timestamp":"2021-10-25T21:03:24.470Z"}
{"label":"qu-calendar","level":"info","message":"Agenda connection started!","timestamp":"2021-10-25T21:03:24.519Z"}
{"label":"qu-calendar","level":"info","message":"Worker 82028 started","timestamp":"2021-10-25T21:05:13.289Z"}
{"label":"qu-calendar","level":"info","message":"Server started on Port 5000 in development mode.","timestamp":"2021-10-25T21:05:13.301Z"}
{"label":"qu-calendar","level":"info","message":"Worker 102892 started","timestamp":"2021-10-25T21:05:27.522Z"}
{"label":"qu-calendar","level":"info","message":"Server started on Port 5000 in development mode.","timestamp":"2021-10-25T21:05:27.535Z"}
{"label":"qu-calendar","level":"info","message":"Worker 82080 started","timestamp":"2021-10-25T21:05:34.022Z"}
{"label":"qu-calendar","level":"info","message":"Server started on Port 5000 in development mode.","timestamp":"2021-10-25T21:05:34.035Z"}
{"label":"qu-calendar","level":"info","message":"Connected to Database running on cluster0-shard-00-00.ameko.mongodb.net","timestamp":"2021-10-25T21:05:37.702Z"}
{"label":"qu-calendar","level":"info","message":"Agenda connection started!","timestamp":"2021-10-25T21:05:38.070Z"}
{"label":"qu-calendar","level":"info","message":"Worker 98396 started","timestamp":"2021-10-25T21:09:38.680Z"}
{"label":"qu-calendar","level":"info","message":"Server started on Port 5000 in development mode.","timestamp":"2021-10-25T21:09:38.691Z"}
{"label":"qu-calendar","level":"info","message":"Connected to Database running on cluster0-shard-00-00.ameko.mongodb.net","timestamp":"2021-10-25T21:09:51.196Z"}
{"label":"qu-calendar","level":"info","message":"Agenda connection started!","timestamp":"2021-10-25T21:09:51.410Z"}
{"label":"qu-calendar","level":"info","message":"Worker 110028 started","timestamp":"2021-10-25T21:10:57.340Z"}
{"label":"qu-calendar","level":"info","message":"Server started on Port 5000 in development mode.","timestamp":"2021-10-25T21:10:57.354Z"}
{"label":"qu-calendar","level":"info","message":"Connected to Database running on cluster0-shard-00-02.ameko.mongodb.net","timestamp":"2021-10-25T21:10:59.880Z"}
{"label":"qu-calendar","level":"info","message":"Agenda connection started!","timestamp":"2021-10-25T21:11:00.057Z"}
{"label":"qu-calendar","level":"info","message":"Worker 2376 started","timestamp":"2021-10-25T21:11:44.278Z"}
{"label":"qu-calendar","level":"info","message":"Server started on Port 5000 in development mode.","timestamp":"2021-10-25T21:11:44.294Z"}
{"label":"qu-calendar","level":"info","message":"Worker 90724 started","timestamp":"2021-10-25T21:11:52.301Z"}
{"label":"qu-calendar","level":"info","message":"Server started on Port 5000 in development mode.","timestamp":"2021-10-25T21:11:52.314Z"}
{"label":"qu-calendar","level":"info","message":"Agenda connection started!","timestamp":"2021-10-25T21:11:54.546Z"}
{"label":"qu-calendar","level":"info","message":"Connected to Database running on cluster0-shard-00-00.ameko.mongodb.net","timestamp":"2021-10-25T21:11:59.780Z"}
{"label":"qu-calendar","level":"info","message":"Worker 78628 started","timestamp":"2021-10-25T21:15:14.941Z"}
{"label":"qu-calendar","level":"info","message":"Server started on Port 5000 in development mode.","timestamp":"2021-10-25T21:15:14.958Z"}
{"label":"qu-calendar","level":"info","message":"Connected to Database running on cluster0-shard-00-00.ameko.mongodb.net","timestamp":"2021-10-25T21:15:27.481Z"}
{"label":"qu-calendar","level":"info","message":"Agenda connection started!","timestamp":"2021-10-25T21:15:27.716Z"}
{"label":"qu-calendar","level":"info","message":"Worker 87052 started","timestamp":"2021-10-25T21:19:10.332Z"}
{"label":"qu-calendar","level":"info","message":"Server started on Port 5000 in development mode.","timestamp":"2021-10-25T21:19:10.348Z"}
{"label":"qu-calendar","level":"info","message":"Connected to Database running on cluster0-shard-00-00.ameko.mongodb.net","timestamp":"2021-10-25T21:19:22.894Z"}
{"label":"qu-calendar","level":"info","message":"Agenda connection started!","timestamp":"2021-10-25T21:19:23.132Z"}
{"label":"qu-calendar","level":"info","message":"Worker 107628 started","timestamp":"2021-10-25T21:30:31.634Z"}
{"label":"qu-calendar","level":"info","message":"Server started on Port 5000 in development mode.","timestamp":"2021-10-25T21:30:31.649Z"}
{"label":"qu-calendar","level":"info","message":"Connected to Database running on cluster0-shard-00-00.xcv12.mongodb.net","timestamp":"2021-10-25T21:30:33.978Z"}
{"label":"qu-calendar","level":"info","message":"Agenda connection started!","timestamp":"2021-10-25T21:30:34.237Z"}
{"label":"qu-calendar","level":"info","message":"Worker 96856 started","timestamp":"2021-10-25T21:32:20.989Z"}
{"label":"qu-calendar","level":"info","message":"Server started on Port 5000 in development mode.","timestamp":"2021-10-25T21:32:21.002Z"}
{"label":"qu-calendar","level":"info","message":"Agenda connection started!","timestamp":"2021-10-25T21:32:23.692Z"}
{"label":"qu-calendar","level":"info","message":"Connected to Database running on cluster0-shard-00-00.xcv12.mongodb.net","timestamp":"2021-10-25T21:32:33.408Z"}
{"label":"qu-calendar","level":"info","message":"Worker 91920 started","timestamp":"2021-10-25T21:34:00.691Z"}
{"label":"qu-calendar","level":"info","message":"Server started on Port 5000 in development mode.","timestamp":"2021-10-25T21:34:00.703Z"}
{"label":"qu-calendar","level":"info","message":"Connected to Database running on cluster0-shard-00-00.xcv12.mongodb.net","timestamp":"2021-10-25T21:34:13.256Z"}
{"label":"qu-calendar","level":"info","message":"Agenda connection started!","timestamp":"2021-10-25T21:34:13.459Z"}
{"label":"qu-calendar","level":"info","message":"Worker 87056 started","timestamp":"2021-10-25T21:35:22.201Z"}
{"label":"qu-calendar","level":"info","message":"Server started on Port 5000 in development mode.","timestamp":"2021-10-25T21:35:22.215Z"}
{"label":"qu-calendar","level":"info","message":"Connected to Database running on cluster0-shard-00-00.xcv12.mongodb.net","timestamp":"2021-10-25T21:35:24.667Z"}
{"label":"qu-calendar","level":"info","message":"Agenda connection started!","timestamp":"2021-10-25T21:35:25.014Z"}
{"label":"qu-calendar","level":"info","message":"Worker 107300 started","timestamp":"2021-10-25T21:35:36.912Z"}
{"label":"qu-calendar","level":"info","message":"Server started on Port 5000 in development mode.","timestamp":"2021-10-25T21:35:36.925Z"}
{"label":"qu-calendar","level":"info","message":"Connected to Database running on cluster0-shard-00-02.xcv12.mongodb.net","timestamp":"2021-10-25T21:35:39.084Z"}
{"label":"qu-calendar","level":"info","message":"Agenda connection started!","timestamp":"2021-10-25T21:35:39.209Z"}
{"label":"qu-calendar","level":"info","message":"Worker 100040 started","timestamp":"2021-10-25T21:36:16.457Z"}
{"label":"qu-calendar","level":"info","message":"Server started on Port 5000 in development mode.","timestamp":"2021-10-25T21:36:16.474Z"}
{"label":"qu-calendar","level":"info","message":"Connected to Database running on cluster0-shard-00-00.xcv12.mongodb.net","timestamp":"2021-10-25T21:36:23.536Z"}
{"label":"qu-calendar","level":"info","message":"Agenda connection started!","timestamp":"2021-10-25T21:36:23.756Z"}
{"label":"qu-calendar","level":"info","message":"Worker 106204 started","timestamp":"2021-10-25T21:39:11.848Z"}
{"label":"qu-calendar","level":"info","message":"Server started on Port 5000 in development mode.","timestamp":"2021-10-25T21:39:11.859Z"}
{"label":"qu-calendar","level":"info","message":"Connected to Database running on cluster0-shard-00-00.xcv12.mongodb.net","timestamp":"2021-10-25T21:39:14.368Z"}
{"label":"qu-calendar","level":"info","message":"Agenda connection started!","timestamp":"2021-10-25T21:39:15.469Z"}
{"label":"qu-calendar","level":"info","message":"Worker 100092 started","timestamp":"2021-10-25T21:40:15.006Z"}
{"label":"qu-calendar","level":"info","message":"Server started on Port 5000 in development mode.","timestamp":"2021-10-25T21:40:15.019Z"}
{"label":"qu-calendar","level":"info","message":"Agenda connection started!","timestamp":"2021-10-25T21:40:17.659Z"}
{"label":"qu-calendar","level":"info","message":"Connected to Database running on cluster0-shard-00-00.xcv12.mongodb.net","timestamp":"2021-10-25T21:40:27.611Z"}
{"label":"qu-calendar","level":"info","message":"Worker 102616 started","timestamp":"2021-10-25T22:02:21.378Z"}
{"label":"qu-calendar","level":"info","message":"Server started on Port 5000 in development mode.","timestamp":"2021-10-25T22:02:21.391Z"}
{"label":"qu-calendar","level":"info","message":"Connected to Database running on cluster0-shard-00-00.xcv12.mongodb.net","timestamp":"2021-10-25T22:02:33.847Z"}
{"label":"qu-calendar","level":"info","message":"Agenda connection started!","timestamp":"2021-10-25T22:02:34.202Z"}
{"label":"qu-calendar","level":"info","message":"Worker 107116 started","timestamp":"2021-10-25T22:04:42.445Z"}
{"label":"qu-calendar","level":"info","message":"Server started on Port 5000 in development mode.","timestamp":"2021-10-25T22:04:42.457Z"}
{"label":"qu-calendar","level":"info","message":"Worker 18528 started","timestamp":"2021-10-25T22:05:26.778Z"}
{"label":"qu-calendar","level":"info","message":"Server started on Port 5000 in development mode.","timestamp":"2021-10-25T22:05:26.789Z"}
{"label":"qu-calendar","level":"info","message":"Connected to Database running on cluster0-shard-00-02.xcv12.mongodb.net","timestamp":"2021-10-25T22:05:29.208Z"}
{"label":"qu-calendar","level":"info","message":"Agenda connection started!","timestamp":"2021-10-25T22:05:29.361Z"}
{"label":"qu-calendar","level":"info","message":"Worker 61020 started","timestamp":"2021-10-25T22:06:45.236Z"}
{"label":"qu-calendar","level":"info","message":"Server started on Port 5000 in development mode.","timestamp":"2021-10-25T22:06:45.251Z"}
{"label":"qu-calendar","level":"info","message":"Worker 92516 started","timestamp":"2021-10-25T22:06:51.483Z"}
{"label":"qu-calendar","level":"info","message":"Server started on Port 5000 in development mode.","timestamp":"2021-10-25T22:06:51.498Z"}
{"label":"qu-calendar","level":"info","message":"Connected to Database running on cluster0-shard-00-00.xcv12.mongodb.net","timestamp":"2021-10-25T22:06:59.247Z"}
{"label":"qu-calendar","level":"info","message":"Agenda connection started!","timestamp":"2021-10-25T22:06:59.430Z"}
{"label":"qu-calendar","level":"info","message":"Worker 95848 started","timestamp":"2021-10-25T22:07:26.507Z"}
{"label":"qu-calendar","level":"info","message":"Server started on Port 5000 in development mode.","timestamp":"2021-10-25T22:07:26.519Z"}
{"label":"qu-calendar","level":"info","message":"Connected to Database running on cluster0-shard-00-00.xcv12.mongodb.net","timestamp":"2021-10-25T22:07:28.580Z"}
{"label":"qu-calendar","level":"info","message":"Agenda connection started!","timestamp":"2021-10-25T22:07:28.801Z"}
{"label":"qu-calendar","level":"info","message":"Worker 101176 started","timestamp":"2021-10-25T22:07:47.776Z"}
{"label":"qu-calendar","level":"info","message":"Server started on Port 5000 in development mode.","timestamp":"2021-10-25T22:07:47.787Z"}
{"label":"qu-calendar","level":"info","message":"Agenda connection started!","timestamp":"2021-10-25T22:07:51.028Z"}
{"label":"qu-calendar","level":"info","message":"Connected to Database running on cluster0-shard-00-00.xcv12.mongodb.net","timestamp":"2021-10-25T22:08:00.677Z"}
{"label":"qu-calendar","level":"info","message":"Worker 104588 started","timestamp":"2021-10-25T22:09:03.517Z"}
{"label":"qu-calendar","level":"info","message":"Server started on Port 5000 in development mode.","timestamp":"2021-10-25T22:09:03.528Z"}
{"label":"qu-calendar","level":"info","message":"Connected to Database running on cluster0-shard-00-00.xcv12.mongodb.net","timestamp":"2021-10-25T22:09:16.185Z"}
{"label":"qu-calendar","level":"info","message":"Agenda connection started!","timestamp":"2021-10-25T22:09:18.608Z"}
{"label":"qu-calendar","level":"info","message":"Worker 108432 started","timestamp":"2021-10-25T22:09:41.231Z"}
{"label":"qu-calendar","level":"info","message":"Server started on Port 5000 in development mode.","timestamp":"2021-10-25T22:09:41.242Z"}
{"label":"qu-calendar","level":"info","message":"Connected to Database running on cluster0-shard-00-00.xcv12.mongodb.net","timestamp":"2021-10-25T22:09:43.315Z"}
{"label":"qu-calendar","level":"info","message":"Agenda connection started!","timestamp":"2021-10-25T22:09:43.515Z"}
{"label":"qu-calendar","level":"info","message":"Worker 103188 started","timestamp":"2021-10-25T22:10:37.963Z"}
{"label":"qu-calendar","level":"info","message":"Server started on Port 5000 in development mode.","timestamp":"2021-10-25T22:10:37.976Z"}
{"label":"qu-calendar","level":"info","message":"Connected to Database running on cluster0-shard-00-00.xcv12.mongodb.net","timestamp":"2021-10-25T22:10:50.462Z"}
{"label":"qu-calendar","level":"info","message":"Agenda connection started!","timestamp":"2021-10-25T22:10:50.644Z"}
{"label":"qu-calendar","level":"info","message":"Worker 92156 started","timestamp":"2021-10-25T22:11:08.476Z"}
{"label":"qu-calendar","level":"info","message":"Server started on Port 5000 in development mode.","timestamp":"2021-10-25T22:11:08.487Z"}
{"label":"qu-calendar","level":"info","message":"Connected to Database running on cluster0-shard-00-00.xcv12.mongodb.net","timestamp":"2021-10-25T22:11:10.581Z"}
{"label":"qu-calendar","level":"info","message":"Agenda connection started!","timestamp":"2021-10-25T22:11:10.807Z"}
{"label":"qu-calendar","level":"info","message":"Worker 75692 started","timestamp":"2021-10-25T22:12:32.685Z"}
{"label":"qu-calendar","level":"info","message":"Server started on Port 5000 in development mode.","timestamp":"2021-10-25T22:12:32.697Z"}
{"label":"qu-calendar","level":"info","message":"Agenda connection started!","timestamp":"2021-10-25T22:12:45.792Z"}
{"label":"qu-calendar","level":"info","message":"Connected to Database running on cluster0-shard-00-00.xcv12.mongodb.net","timestamp":"2021-10-25T22:12:46.476Z"}
{"label":"qu-calendar","level":"info","message":"Worker 104040 started","timestamp":"2021-10-25T22:14:41.964Z"}
{"label":"qu-calendar","level":"info","message":"Server started on Port 5000 in development mode.","timestamp":"2021-10-25T22:14:41.976Z"}
{"label":"qu-calendar","level":"info","message":"Worker 64920 started","timestamp":"2021-10-25T22:14:59.211Z"}
{"label":"qu-calendar","level":"info","message":"Server started on Port 5000 in development mode.","timestamp":"2021-10-25T22:14:59.228Z"}
{"label":"qu-calendar","level":"info","message":"Connected to Database running on cluster0-shard-00-00.xcv12.mongodb.net","timestamp":"2021-10-25T22:15:06.528Z"}
{"label":"qu-calendar","level":"info","message":"Agenda connection started!","timestamp":"2021-10-25T22:15:06.757Z"}
{"label":"qu-calendar","level":"info","message":"Worker 104888 started","timestamp":"2021-10-25T22:18:03.911Z"}
{"label":"qu-calendar","level":"info","message":"Server started on Port 5000 in development mode.","timestamp":"2021-10-25T22:18:03.921Z"}
{"label":"qu-calendar","level":"info","message":"Connected to Database running on cluster0-shard-00-00.xcv12.mongodb.net","timestamp":"2021-10-25T22:18:16.498Z"}
{"label":"qu-calendar","level":"info","message":"Agenda connection started!","timestamp":"2021-10-25T22:18:16.778Z"}
{"label":"qu-calendar","level":"info","message":"Worker 100856 started","timestamp":"2021-10-25T22:19:22.104Z"}
{"label":"qu-calendar","level":"info","message":"Server started on Port 5000 in development mode.","timestamp":"2021-10-25T22:19:22.116Z"}
{"label":"qu-calendar","level":"info","message":"Worker 58996 started","timestamp":"2021-10-25T22:19:33.487Z"}
{"label":"qu-calendar","level":"info","message":"Server started on Port 5000 in development mode.","timestamp":"2021-10-25T22:19:33.498Z"}
{"label":"qu-calendar","level":"info","message":"Worker 101904 started","timestamp":"2021-10-25T22:19:50.877Z"}
{"label":"qu-calendar","level":"info","message":"Server started on Port 5000 in development mode.","timestamp":"2021-10-25T22:19:50.890Z"}
{"label":"qu-calendar","level":"info","message":"Worker 109924 started","timestamp":"2021-10-25T22:19:58.996Z"}
{"label":"qu-calendar","level":"info","message":"Server started on Port 5000 in development mode.","timestamp":"2021-10-25T22:19:59.010Z"}
{"label":"qu-calendar","level":"info","message":"Connected to Database running on cluster0-shard-00-00.xcv12.mongodb.net","timestamp":"2021-10-25T22:20:01.067Z"}
{"label":"qu-calendar","level":"info","message":"Agenda connection started!","timestamp":"2021-10-25T22:20:01.272Z"}
{"label":"qu-calendar","level":"info","message":"Worker 107584 started","timestamp":"2021-10-25T22:20:21.042Z"}
{"label":"qu-calendar","level":"info","message":"Server started on Port 5000 in development mode.","timestamp":"2021-10-25T22:20:21.054Z"}
{"label":"qu-calendar","level":"info","message":"Worker 97488 started","timestamp":"2021-10-25T22:20:30.615Z"}
{"label":"qu-calendar","level":"info","message":"Server started on Port 5000 in development mode.","timestamp":"2021-10-25T22:20:30.625Z"}
{"label":"qu-calendar","level":"info","message":"Connected to Database running on cluster0-shard-00-00.xcv12.mongodb.net","timestamp":"2021-10-25T22:20:42.821Z"}
{"label":"qu-calendar","level":"info","message":"Agenda connection started!","timestamp":"2021-10-25T22:20:43.082Z"}
{"label":"qu-calendar","level":"info","message":"Worker 69176 started","timestamp":"2021-10-25T22:20:52.063Z"}
{"label":"qu-calendar","level":"info","message":"Server started on Port 5000 in development mode.","timestamp":"2021-10-25T22:20:52.075Z"}
{"label":"qu-calendar","level":"info","message":"Connected to Database running on cluster0-shard-00-00.xcv12.mongodb.net","timestamp":"2021-10-25T22:20:54.817Z"}
{"label":"qu-calendar","level":"info","message":"Agenda connection started!","timestamp":"2021-10-25T22:20:55.608Z"}
{"label":"qu-calendar","level":"info","message":"Worker 97880 started","timestamp":"2021-10-25T22:21:36.465Z"}
{"label":"qu-calendar","level":"info","message":"Server started on Port 5000 in development mode.","timestamp":"2021-10-25T22:21:36.477Z"}
{"label":"qu-calendar","level":"info","message":"Agenda connection started!","timestamp":"2021-10-25T22:21:38.929Z"}
{"label":"qu-calendar","level":"info","message":"Worker 93364 started","timestamp":"2021-10-25T22:21:53.826Z"}
{"label":"qu-calendar","level":"info","message":"Server started on Port 5000 in development mode.","timestamp":"2021-10-25T22:21:53.842Z"}
{"label":"qu-calendar","level":"info","message":"Connected to Database running on cluster0-shard-00-00.xcv12.mongodb.net","timestamp":"2021-10-25T22:21:56.379Z"}
{"label":"qu-calendar","level":"info","message":"Agenda connection started!","timestamp":"2021-10-25T22:21:56.635Z"}
{"label":"qu-calendar","level":"info","message":"Worker 99440 started","timestamp":"2021-10-25T22:22:21.166Z"}
{"label":"qu-calendar","level":"info","message":"Server started on Port 5000 in development mode.","timestamp":"2021-10-25T22:22:21.182Z"}
{"label":"qu-calendar","level":"info","message":"Connected to Database running on cluster0-shard-00-00.xcv12.mongodb.net","timestamp":"2021-10-25T22:22:23.223Z"}
{"label":"qu-calendar","level":"info","message":"Agenda connection started!","timestamp":"2021-10-25T22:22:23.439Z"}
{"label":"qu-calendar","level":"info","message":"Worker 105596 started","timestamp":"2021-10-25T22:28:55.437Z"}
{"label":"qu-calendar","level":"info","message":"Server started on Port 5000 in development mode.","timestamp":"2021-10-25T22:28:55.451Z"}
{"label":"qu-calendar","level":"info","message":"Worker 58372 started","timestamp":"2021-10-25T22:29:01.627Z"}
{"label":"qu-calendar","level":"info","message":"Server started on Port 5000 in development mode.","timestamp":"2021-10-25T22:29:01.638Z"}
{"label":"qu-calendar","level":"info","message":"Connected to Database running on cluster0-shard-00-00.xcv12.mongodb.net","timestamp":"2021-10-25T22:29:09.199Z"}
{"label":"qu-calendar","level":"info","message":"Agenda connection started!","timestamp":"2021-10-25T22:29:09.400Z"}
{"label":"qu-calendar","level":"info","message":"Worker 85340 started","timestamp":"2021-10-25T22:29:24.342Z"}
{"label":"qu-calendar","level":"info","message":"Server started on Port 5000 in development mode.","timestamp":"2021-10-25T22:29:24.355Z"}
{"label":"qu-calendar","level":"info","message":"Connected to Database running on cluster0-shard-00-00.xcv12.mongodb.net","timestamp":"2021-10-25T22:29:26.446Z"}
{"label":"qu-calendar","level":"info","message":"Agenda connection started!","timestamp":"2021-10-25T22:29:26.656Z"}
{"label":"qu-calendar","level":"info","message":"Worker 86808 started","timestamp":"2021-10-25T22:29:37.951Z"}
{"label":"qu-calendar","level":"info","message":"Server started on Port 5000 in development mode.","timestamp":"2021-10-25T22:29:37.964Z"}
{"label":"qu-calendar","level":"info","message":"Connected to Database running on cluster0-shard-00-00.xcv12.mongodb.net","timestamp":"2021-10-25T22:29:40.042Z"}
{"label":"qu-calendar","level":"info","message":"Agenda connection started!","timestamp":"2021-10-25T22:29:40.327Z"}
{"label":"qu-calendar","level":"info","message":"Worker 90980 started","timestamp":"2021-10-25T22:30:55.714Z"}
{"label":"qu-calendar","level":"info","message":"Server started on Port 5000 in development mode.","timestamp":"2021-10-25T22:30:55.726Z"}
{"label":"qu-calendar","level":"info","message":"Worker 76620 started","timestamp":"2021-10-25T22:31:26.350Z"}
{"label":"qu-calendar","level":"info","message":"Server started on Port 5000 in development mode.","timestamp":"2021-10-25T22:31:26.361Z"}
{"label":"qu-calendar","level":"info","message":"Connected to Database running on cluster0-shard-00-01.xcv12.mongodb.net","timestamp":"2021-10-25T22:31:28.719Z"}
{"label":"qu-calendar","level":"info","message":"Agenda connection started!","timestamp":"2021-10-25T22:31:28.912Z"}
{"label":"qu-calendar","level":"info","message":"Worker 87196 started","timestamp":"2021-10-25T22:31:39.823Z"}
{"label":"qu-calendar","level":"info","message":"Server started on Port 5000 in development mode.","timestamp":"2021-10-25T22:31:39.834Z"}
{"label":"qu-calendar","level":"info","message":"Connected to Database running on cluster0-shard-00-02.xcv12.mongodb.net","timestamp":"2021-10-25T22:31:42.099Z"}
{"label":"qu-calendar","level":"info","message":"Agenda connection started!","timestamp":"2021-10-25T22:31:42.318Z"}
{"label":"qu-calendar","level":"info","message":"Worker 88284 started","timestamp":"2021-10-25T22:42:24.640Z"}
{"label":"qu-calendar","level":"info","message":"Server started on Port 5000 in development mode.","timestamp":"2021-10-25T22:42:24.654Z"}
{"label":"qu-calendar","level":"info","message":"Worker 104492 started","timestamp":"2021-10-25T22:42:35.277Z"}
{"label":"qu-calendar","level":"info","message":"Server started on Port 5000 in development mode.","timestamp":"2021-10-25T22:42:35.294Z"}
{"label":"qu-calendar","level":"info","message":"Connected to Database running on cluster0-shard-00-00.xcv12.mongodb.net","timestamp":"2021-10-25T22:42:42.882Z"}
{"label":"qu-calendar","level":"info","message":"Agenda connection started!","timestamp":"2021-10-25T22:42:43.022Z"}
{"label":"qu-calendar","level":"info","message":"Worker 108616 started","timestamp":"2021-10-25T22:42:51.375Z"}
{"label":"qu-calendar","level":"info","message":"Server started on Port 5000 in development mode.","timestamp":"2021-10-25T22:42:51.388Z"}
{"label":"qu-calendar","level":"info","message":"Worker 97068 started","timestamp":"2021-10-25T22:43:04.119Z"}
{"label":"qu-calendar","level":"info","message":"Server started on Port 5000 in development mode.","timestamp":"2021-10-25T22:43:04.134Z"}
{"label":"qu-calendar","level":"info","message":"Worker 106216 started","timestamp":"2021-10-25T22:43:22.091Z"}
{"label":"qu-calendar","level":"info","message":"Server started on Port 5000 in development mode.","timestamp":"2021-10-25T22:43:22.103Z"}
{"label":"qu-calendar","level":"info","message":"Connected to Database running on cluster0-shard-00-00.xcv12.mongodb.net","timestamp":"2021-10-25T22:43:24.164Z"}
{"label":"qu-calendar","level":"info","message":"Agenda connection started!","timestamp":"2021-10-25T22:43:24.453Z"}
{"label":"qu-calendar","level":"info","message":"Worker 98188 started","timestamp":"2021-10-25T22:43:40.046Z"}
{"label":"qu-calendar","level":"info","message":"Server started on Port 5000 in development mode.","timestamp":"2021-10-25T22:43:40.063Z"}
{"label":"qu-calendar","level":"info","message":"Worker 70964 started","timestamp":"2021-10-25T22:43:50.734Z"}
{"label":"qu-calendar","level":"info","message":"Server started on Port 5000 in development mode.","timestamp":"2021-10-25T22:43:50.748Z"}
{"label":"qu-calendar","level":"info","message":"Worker 93568 started","timestamp":"2021-10-25T22:44:13.344Z"}
{"label":"qu-calendar","level":"info","message":"Server started on Port 5000 in development mode.","timestamp":"2021-10-25T22:44:13.356Z"}
{"label":"qu-calendar","level":"info","message":"Worker 79344 started","timestamp":"2021-10-25T22:44:28.864Z"}
{"label":"qu-calendar","level":"info","message":"Server started on Port 5000 in development mode.","timestamp":"2021-10-25T22:44:28.877Z"}
{"label":"qu-calendar","level":"info","message":"Connected to Database running on cluster0-shard-00-01.xcv12.mongodb.net","timestamp":"2021-10-25T22:44:30.980Z"}
{"label":"qu-calendar","level":"info","message":"Agenda connection started!","timestamp":"2021-10-25T22:44:31.599Z"}
{"label":"qu-calendar","level":"info","message":"Worker 107984 started","timestamp":"2021-10-25T22:44:46.509Z"}
{"label":"qu-calendar","level":"info","message":"Server started on Port 5000 in development mode.","timestamp":"2021-10-25T22:44:46.521Z"}
{"label":"qu-calendar","level":"info","message":"Agenda connection started!","timestamp":"2021-10-25T22:44:53.930Z"}
{"label":"qu-calendar","level":"info","message":"Connected to Database running on cluster0-shard-00-02.xcv12.mongodb.net","timestamp":"2021-10-25T22:44:58.743Z"}
{"label":"qu-calendar","level":"info","message":"Worker 108048 started","timestamp":"2021-10-25T22:46:33.130Z"}
{"label":"qu-calendar","level":"info","message":"Server started on Port 5000 in development mode.","timestamp":"2021-10-25T22:46:33.144Z"}
{"label":"qu-calendar","level":"info","message":"Worker 80464 started","timestamp":"2021-10-25T22:46:39.178Z"}
{"label":"qu-calendar","level":"info","message":"Server started on Port 5000 in development mode.","timestamp":"2021-10-25T22:46:39.192Z"}
{"label":"qu-calendar","level":"info","message":"Worker 86344 started","timestamp":"2021-10-25T22:47:03.078Z"}
{"label":"qu-calendar","level":"info","message":"Server started on Port 5000 in development mode.","timestamp":"2021-10-25T22:47:03.091Z"}
{"label":"qu-calendar","level":"info","message":"Worker 29364 started","timestamp":"2021-10-25T22:47:09.598Z"}
{"label":"qu-calendar","level":"info","message":"Server started on Port 5000 in development mode.","timestamp":"2021-10-25T22:47:09.612Z"}
{"label":"qu-calendar","level":"info","message":"Connected to Database running on cluster0-shard-00-02.xcv12.mongodb.net","timestamp":"2021-10-25T22:47:12.113Z"}
{"label":"qu-calendar","level":"info","message":"Agenda connection started!","timestamp":"2021-10-25T22:47:12.727Z"}
{"label":"qu-calendar","level":"info","message":"Worker 64056 started","timestamp":"2021-10-25T22:47:31.633Z"}
{"label":"qu-calendar","level":"info","message":"Server started on Port 5000 in development mode.","timestamp":"2021-10-25T22:47:31.644Z"}
{"label":"qu-calendar","level":"info","message":"Connected to Database running on cluster0-shard-00-02.xcv12.mongodb.net","timestamp":"2021-10-25T22:47:33.868Z"}
{"label":"qu-calendar","level":"info","message":"Agenda connection started!","timestamp":"2021-10-25T22:47:33.977Z"}
{"label":"qu-calendar","level":"info","message":"Worker 109592 started","timestamp":"2021-10-25T22:48:16.075Z"}
{"label":"qu-calendar","level":"info","message":"Server started on Port 5000 in development mode.","timestamp":"2021-10-25T22:48:16.088Z"}
{"label":"qu-calendar","level":"info","message":"Connected to Database running on cluster0-shard-00-01.xcv12.mongodb.net","timestamp":"2021-10-25T22:48:18.639Z"}
{"label":"qu-calendar","level":"info","message":"Agenda connection started!","timestamp":"2021-10-25T22:48:18.867Z"}
{"label":"qu-calendar","level":"info","message":"Worker 86884 started","timestamp":"2021-10-25T22:48:58.569Z"}
{"label":"qu-calendar","level":"info","message":"Server started on Port 5000 in development mode.","timestamp":"2021-10-25T22:48:58.582Z"}
{"label":"qu-calendar","level":"info","message":"Worker 83880 started","timestamp":"2021-10-25T22:49:14.134Z"}
{"label":"qu-calendar","level":"info","message":"Server started on Port 5000 in development mode.","timestamp":"2021-10-25T22:49:14.146Z"}
{"label":"qu-calendar","level":"info","message":"Connected to Database running on cluster0-shard-00-00.xcv12.mongodb.net","timestamp":"2021-10-25T22:49:16.147Z"}
{"label":"qu-calendar","level":"info","message":"Agenda connection started!","timestamp":"2021-10-25T22:49:16.393Z"}
{"label":"qu-calendar","level":"info","message":"Worker 111516 started","timestamp":"2021-10-25T22:49:26.429Z"}
{"label":"qu-calendar","level":"info","message":"Server started on Port 5000 in development mode.","timestamp":"2021-10-25T22:49:26.443Z"}
{"label":"qu-calendar","level":"info","message":"Connected to Database running on cluster0-shard-00-00.xcv12.mongodb.net","timestamp":"2021-10-25T22:49:28.936Z"}
{"label":"qu-calendar","level":"info","message":"Agenda connection started!","timestamp":"2021-10-25T22:49:29.153Z"}
{"label":"qu-calendar","level":"info","message":"Worker 107768 started","timestamp":"2021-10-25T22:49:37.290Z"}
{"label":"qu-calendar","level":"info","message":"Server started on Port 5000 in development mode.","timestamp":"2021-10-25T22:49:37.305Z"}
{"label":"qu-calendar","level":"info","message":"Worker 111520 started","timestamp":"2021-10-25T22:49:51.916Z"}
{"label":"qu-calendar","level":"info","message":"Server started on Port 5000 in development mode.","timestamp":"2021-10-25T22:49:51.929Z"}
{"label":"qu-calendar","level":"info","message":"Connected to Database running on cluster0-shard-00-02.xcv12.mongodb.net","timestamp":"2021-10-25T22:49:53.983Z"}
{"label":"qu-calendar","level":"info","message":"Agenda connection started!","timestamp":"2021-10-25T22:49:54.136Z"}
{"label":"qu-calendar","level":"info","message":"Worker 105572 started","timestamp":"2021-10-25T22:50:09.540Z"}
{"label":"qu-calendar","level":"info","message":"Server started on Port 5000 in development mode.","timestamp":"2021-10-25T22:50:09.557Z"}
{"label":"qu-calendar","level":"info","message":"Connected to Database running on cluster0-shard-00-00.xcv12.mongodb.net","timestamp":"2021-10-25T22:50:11.804Z"}
{"label":"qu-calendar","level":"info","message":"Agenda connection started!","timestamp":"2021-10-25T22:50:12.025Z"}
{"label":"qu-calendar","level":"info","message":"Worker 96128 started","timestamp":"2021-10-25T22:55:34.703Z"}
{"label":"qu-calendar","level":"info","message":"Server started on Port 5000 in development mode.","timestamp":"2021-10-25T22:55:34.719Z"}
{"label":"qu-calendar","level":"info","message":"Worker 101516 started","timestamp":"2021-10-25T22:55:42.606Z"}
{"label":"qu-calendar","level":"info","message":"Server started on Port 5000 in development mode.","timestamp":"2021-10-25T22:55:42.623Z"}
{"label":"qu-calendar","level":"info","message":"Connected to Database running on cluster0-shard-00-00.xcv12.mongodb.net","timestamp":"2021-10-25T22:55:50.112Z"}
{"label":"qu-calendar","level":"info","message":"Agenda connection started!","timestamp":"2021-10-25T22:55:50.329Z"}
